<?xml version="1.0" encoding="utf-8" standalone="no"?>
<!--This file represents the results of running a test suite-->
<test-results name="C:\Projetos\Restfulie\Restfulie.Server.Tests\bin\Debug\Restfulie.Server.Tests.dll" total="1" errors="0" failures="0" not-run="0" inconclusive="0" ignored="0" skipped="0" invalid="0" date="2010-05-09" time="16:40:18">
  <environment nunit-version="2.5.5.10112" clr-version="2.0.50727.3053" os-version="Microsoft Windows NT 5.1.2600 Service Pack 2" platform="Win32NT" cwd="C:\Projetos\Restfulie\Restfulie.Server.Tests\bin\Debug" machine-name="MAURICIOANIF5A2" user="Administrador" user-domain="MAURICIOANIF5A2" />
  <culture-info current-culture="en-US" current-uiculture="pt-BR" />
  <test-suite type="Assembly" name="C:\Projetos\Restfulie\Restfulie.Server.Tests\bin\Debug\Restfulie.Server.Tests.dll" executed="True" result="Success" success="True" time="0.266" asserts="0">
    <results>
      <test-suite type="Namespace" name="Restfulie" executed="True" result="Success" success="True" time="0.266" asserts="0">
        <results>
          <test-suite type="Namespace" name="Server" executed="True" result="Success" success="True" time="0.266" asserts="0">
            <results>
              <test-suite type="Namespace" name="Tests" executed="True" result="Success" success="True" time="0.266" asserts="0">
                <results>
                  <test-suite type="Namespace" name="Transitions" executed="True" result="Success" success="True" time="0.266" asserts="0">
                    <results>
                      <test-suite type="TestFixture" name="TransitionTests" executed="True" result="Success" success="True" time="0.266" asserts="0">
                        <results>
                          <test-case name="Restfulie.Server.Tests.Transitions.TransitionTests.ShouldTransitToAControllerAction" executed="True" result="Success" success="True" time="0.234" asserts="1" />
                        </results>
                      </test-suite>
                    </results>
                  </test-suite>
                </results>
              </test-suite>
            </results>
          </test-suite>
        </results>
      </test-suite>
    </results>
  </test-suite>
</test-results>